Date and Time: Thu Aug  8 15:05:50 CEST 2024
Operating System Information:
Linux hpc-gpu-06.iis.fhg.de 3.10.0-1160.71.1.el7.x86_64 #1 SMP Tue Jun 28 15:37:28 UTC 2022 x86_64 x86_64 x86_64 GNU/Linux
LSB Version:	:core-4.1-amd64:core-4.1-noarch
Distributor ID:	CentOS
Description:	CentOS Linux release 7.9.2009 (Core)
Release:	7.9.2009
Codename:	Core
CPU Information:
Architecture:          x86_64
CPU op-mode(s):        32-bit, 64-bit
Byte Order:            Little Endian
CPU(s):                56
On-line CPU(s) list:   0-55
Thread(s) per core:    2
Core(s) per socket:    14
Socket(s):             2
NUMA node(s):          2
Vendor ID:             GenuineIntel
CPU family:            6
Model:                 85
Model name:            Intel(R) Xeon(R) Gold 5120 CPU @ 2.20GHz
Stepping:              4
CPU MHz:               1899.890
CPU max MHz:           3200.0000
CPU min MHz:           1000.0000
BogoMIPS:              4400.00
Virtualization:        VT-x
L1d cache:             32K
L1i cache:             32K
L2 cache:              1024K
L3 cache:              19712K
NUMA node0 CPU(s):     0-13,28-41
NUMA node1 CPU(s):     14-27,42-55
Flags:                 fpu vme de pse tsc msr pae mce cx8 apic sep mtrr pge mca cmov pat pse36 clflush dts acpi mmx fxsr sse sse2 ss ht tm pbe syscall nx pdpe1gb rdtscp lm constant_tsc art arch_perfmon pebs bts rep_good nopl xtopology nonstop_tsc aperfmperf eagerfpu pni pclmulqdq dtes64 monitor ds_cpl vmx smx est tm2 ssse3 sdbg fma cx16 xtpr pdcm pcid dca sse4_1 sse4_2 x2apic movbe popcnt tsc_deadline_timer aes xsave avx f16c rdrand lahf_lm abm 3dnowprefetch epb cat_l3 cdp_l3 invpcid_single intel_ppin intel_pt ssbd mba ibrs ibpb stibp tpr_shadow vnmi flexpriority ept vpid fsgsbase tsc_adjust bmi1 hle avx2 smep bmi2 erms invpcid rtm cqm mpx rdt_a avx512f avx512dq rdseed adx smap clflushopt clwb avx512cd avx512bw avx512vl xsaveopt xsavec xgetbv1 cqm_llc cqm_occup_llc cqm_mbm_total cqm_mbm_local dtherm ida arat pln pts pku ospke md_clear spec_ctrl intel_stibp flush_l1d arch_capabilities
Memory Information:
              total        used        free      shared  buff/cache   available
Mem:           187G         10G        120G        1.9G         56G        174G
Swap:           49G          0B         49G
GPU Information:
Thu Aug  8 15:05:50 2024       
+-----------------------------------------------------------------------------+
| NVIDIA-SMI 515.48.07    Driver Version: 515.48.07    CUDA Version: 11.7     |
|-------------------------------+----------------------+----------------------+
| GPU  Name        Persistence-M| Bus-Id        Disp.A | Volatile Uncorr. ECC |
| Fan  Temp  Perf  Pwr:Usage/Cap|         Memory-Usage | GPU-Util  Compute M. |
|                               |                      |               MIG M. |
|===============================+======================+======================|
|   0  Tesla V100-SXM2...  Off  | 00000000:61:00.0 Off |                    0 |
| N/A   36C    P0    44W / 300W |      0MiB / 32768MiB |      0%      Default |
|                               |                      |                  N/A |
+-------------------------------+----------------------+----------------------+
|   1  Tesla V100-SXM2...  Off  | 00000000:62:00.0 Off |                    0 |
| N/A   38C    P0    58W / 300W |   1054MiB / 32768MiB |      6%      Default |
|                               |                      |                  N/A |
+-------------------------------+----------------------+----------------------+
|   2  Tesla V100-SXM2...  Off  | 00000000:89:00.0 Off |                    0 |
| N/A   39C    P0    58W / 300W |   1054MiB / 32768MiB |     14%      Default |
|                               |                      |                  N/A |
+-------------------------------+----------------------+----------------------+
|   3  Tesla V100-SXM2...  Off  | 00000000:8A:00.0 Off |                    0 |
| N/A   51C    P0   216W / 300W |   9744MiB / 32768MiB |     23%      Default |
|                               |                      |                  N/A |
+-------------------------------+----------------------+----------------------+
                                                                               
+-----------------------------------------------------------------------------+
| Processes:                                                                  |
|  GPU   GI   CI        PID   Type   Process name                  GPU Memory |
|        ID   ID                                                   Usage      |
|=============================================================================|
|    1   N/A  N/A      7695      C   ...representation/bin/python     1051MiB |
|    2   N/A  N/A      7885      C   ...representation/bin/python     1051MiB |
|    3   N/A  N/A     85824      C   python                           9741MiB |
+-----------------------------------------------------------------------------+
Disk Space Information:
Filesystem               Size  Used Avail Use% Mounted on
devtmpfs                  94G     0   94G   0% /dev
tmpfs                     94G  802M   93G   1% /dev/shm
tmpfs                     94G  715M   94G   1% /run
tmpfs                     94G     0   94G   0% /sys/fs/cgroup
/dev/mapper/vg0-lv_root   50G   32G   15G  69% /
/dev/sda1                477M  162M  286M  37% /boot
/dev/mapper/vg0-lv_log   2.0G  192M  1.7G  11% /var/log
/dev/mapper/vg0-lv_data  1.7T   55G  1.6T   4% /data/local
beegfs_nodev             328T  151T  178T  46% /data/beegfs
tmpfs                     19G     0   19G   0% /run/user/0
Information collection complete.
